2025-03-25 20:24:35 - Flash Express Webhook Parsed Data: {"data":{"orderId":"642e26846ac1770008b69c0f","outTradeNo":"123456789XXXX","pno":"P6125TFBXZZ","origPno":"P6125TFBXZZ","recentPno":"P6125TFBXZZ","state":"1","stateText":"Picked up","returned":false,"returnedPno":null,"customaryPno":null,"currentProvince":null,"updateAt":"1680747255","routedAction":"RECEIVED","message":"Your parcel has been picked up by the [ABC_SP] courier.","markerCategory":null,"staffInfoId":null,"staffInfoPhone":null,"routedAt":"1680747251","eSignature":null},"mchId":"CA0740","nonceStr":"1742905475","sign":"C6CF188F9A6DC90CCC7420FDE4EB7282D5BCFDD2ED4393FE18C1A13DEB80D030"}
2025-03-25 20:24:35 - Tacking Number: "P6125TFBXZZ"
2025-03-25 20:24:35 - Status: "Your parcel has been picked up by the [ABC_SP] courier."
2025-03-25 20:24:35 - Tracking Number: P6125TFBXZZ | Status: Your parcel has been picked up by the [ABC_SP] courier.
2025-03-25 20:41:07 - Flash Express Webhook Parsed Data: {"data":{"orderId":"642e26846ac1770008b69c0f","outTradeNo":"123456789XXXX","pno":"P6125TFBXZA","origPno":"P6125TFBXZZ","recentPno":"P6125TFBXZZ","state":"1","stateText":"Picked up","returned":false,"returnedPno":null,"customaryPno":null,"currentProvince":null,"updateAt":"1680747255","routedAction":"RECEIVED","message":"Your parcel has been picked up by the [ABC_SP] courier.","markerCategory":null,"staffInfoId":null,"staffInfoPhone":null,"routedAt":"1680747251","eSignature":null},"mchId":"CA0740","nonceStr":"1742906467","sign":"A801540F3DB032AE457B8FA3E94E5633B212A31B51B868903EB590A844A647DD"}
2025-03-25 20:41:07 - Tacking Number: "P6125TFBXZA"
2025-03-25 20:41:07 - Status: "Your parcel has been picked up by the [ABC_SP] courier."
2025-03-25 20:41:07 - Tracking Number: P6125TFBXZA | Status: Your parcel has been picked up by the [ABC_SP] courier.
2025-03-25 20:51:31 - Flash Express Webhook Parsed Data: {"data":{"orderId":"642e26846ac1770008b69c0f","outTradeNo":"123456789XXXX","pno":"P6125TFBXZA","origPno":"P6125TFBXZZ","recentPno":"P6125TFBXZZ","state":"1","stateText":"Picked up","returned":false,"returnedPno":null,"customaryPno":null,"currentProvince":null,"updateAt":"1680747255","routedAction":"RECEIVED","message":"Your parcel has Arrived in sorting facility","markerCategory":null,"staffInfoId":null,"staffInfoPhone":null,"routedAt":"1680747251","eSignature":null},"mchId":"CA0740","nonceStr":"1742907091","sign":"27980C7B212471FF82BE93878E46421E2DD11B799D63CDBAB87584CEED715986"}
2025-03-25 20:51:31 - Tacking Number: "P6125TFBXZA"
2025-03-25 20:51:31 - Status: "Your parcel has Arrived in sorting facility"
2025-03-25 20:51:31 - Tracking Number: P6125TFBXZA | Status: Your parcel has Arrived in sorting facility
2025-03-25 20:52:32 - Flash Express Webhook Parsed Data: {"data":{"orderId":"642e26846ac1770008b69c0f","outTradeNo":"123456789XXXX","pno":"P6125TFBXZZ","origPno":"P6125TFBXZZ","recentPno":"P6125TFBXZZ","state":"1","stateText":"Picked up","returned":false,"returnedPno":null,"customaryPno":null,"currentProvince":null,"updateAt":"1680747255","routedAction":"RECEIVED","message":"Your parcel has Arrived in sorting facility","markerCategory":null,"staffInfoId":null,"staffInfoPhone":null,"routedAt":"1680747251","eSignature":null},"mchId":"CA0740","nonceStr":"1742907152","sign":"FE8F4A7BA01A299FA765698DA3DA56B016E4D3642EB6C4345A18D2BD1A8305BB"}
2025-03-25 20:52:32 - Tacking Number: "P6125TFBXZZ"
2025-03-25 20:52:32 - Status: "Your parcel has Arrived in sorting facility"
2025-03-25 20:52:32 - Tracking Number: P6125TFBXZZ | Status: Your parcel has Arrived in sorting facility
2025-03-25 21:02:36 - Flash Express Webhook Parsed Data: {"data":{"orderId":"642e26846ac1770008b69c0f","outTradeNo":"123456789XXXX","pno":"P6125TFBYZZ","origPno":"P6125TFBXZZ","recentPno":"P6125TFBXZZ","state":"1","stateText":"Picked up","returned":false,"returnedPno":null,"customaryPno":null,"currentProvince":null,"updateAt":"1680747255","routedAction":"RECEIVED","message":"Your parcel has Arrived in sorting facility","markerCategory":null,"staffInfoId":null,"staffInfoPhone":null,"routedAt":"1680747251","eSignature":null},"mchId":"CA0740","nonceStr":"1742907756","sign":"B68A8A9B15B2CC6CB10D7FE2241C8B34A140B7770E1B3366885AD998950F04BB"}
2025-03-25 21:02:36 - Tacking Number: "P6125TFBYZZ"
2025-03-25 21:02:36 - Status: "Your parcel has Arrived in sorting facility"
2025-03-25 21:02:36 - Tracking Number: P6125TFBYZZ | Status: Your parcel has Arrived in sorting facility
2025-03-25 21:03:03 - Flash Express Webhook Parsed Data: {"data":{"orderId":"642e26846ac1770008b69c0f","outTradeNo":"123456789XXXX","pno":"P6125TFBYZZ","origPno":"P6125TFBXZZ","recentPno":"P6125TFBXZZ","state":"1","stateText":"Picked up","returned":false,"returnedPno":null,"customaryPno":null,"currentProvince":null,"updateAt":"1680747255","routedAction":"RECEIVED","message":"Your parcel has been picked up by","markerCategory":null,"staffInfoId":null,"staffInfoPhone":null,"routedAt":"1680747251","eSignature":null},"mchId":"CA0740","nonceStr":"1742907783","sign":"F457284BEF131F99D4A41676A81F64E45AB5AF8006B9AAF725206A35FBF52C6A"}
2025-03-25 21:03:03 - Tacking Number: "P6125TFBYZZ"
2025-03-25 21:03:03 - Status: "Your parcel has been picked up by"
2025-03-25 21:03:03 - Tracking Number: P6125TFBYZZ | Status: Your parcel has been picked up by
2025-03-25 21:05:34 - Flash Express Webhook Parsed Data: {"data":{"orderId":"642e26846ac1770008b69c0f","outTradeNo":"123456789XXXX","pno":"P6125TFBYZZ","origPno":"P6125TFBXZZ","recentPno":"P6125TFBXZZ","state":"1","stateText":"Picked up","returned":false,"returnedPno":null,"customaryPno":null,"currentProvince":null,"updateAt":"1680747255","routedAction":"RECEIVED","message":"Your parcel has been slain","markerCategory":null,"staffInfoId":null,"staffInfoPhone":null,"routedAt":"1680747251","eSignature":null},"mchId":"CA0740","nonceStr":"1742907934","sign":"39C9180CCD6B012E99FB31DD2E5B1809B93161D7DC0D349A8D38FFF810273AEC"}
2025-03-25 21:05:34 - Tacking Number: "P6125TFBYZZ"
2025-03-25 21:05:34 - Status: "Your parcel has been slain"
2025-03-25 21:05:34 - Tracking Number: P6125TFBYZZ | Status: Your parcel has been slain
2025-04-04 14:13:40 - Flash Express Webhook Parsed Data: []
2025-04-04 14:13:40 - Tacking Number: null
2025-04-04 14:13:40 - Status: null
2025-04-04 14:13:40 - Tracking Number:  | Status: 
2025-04-04 14:15:03 - Flash Express Webhook Parsed Data: {"data":{"orderId":"642e26846ac1770008b69c0f","outTradeNo":"123456789XXXX","pno":"P6125TFBYZZ","origPno":"P6125TFBXZZ","recentPno":"P6125TFBXZZ","state":"1","stateText":"Picked up","returned":false,"returnedPno":null,"customaryPno":null,"currentProvince":null,"updateAt":"1680747255","routedAction":"RECEIVED","message":"Your parcel has been picked-up by","markerCategory":null,"staffInfoId":null,"staffInfoPhone":null,"routedAt":"1680747251","eSignature":null},"mchId":"CA0740","nonceStr":"1743747303","sign":"3DF38DA0D4DDA9509EB806004AC38596034482C2016CC0982A0322C18AFD7A5E"}
2025-04-04 14:15:03 - Tacking Number: "P6125TFBYZZ"
2025-04-04 14:15:03 - Status: "Your parcel has been picked-up by"
2025-04-04 14:15:03 - Tracking Number: P6125TFBYZZ | Status: Your parcel has been picked-up by
2025-04-04 14:22:55 - Flash Express Webhook Parsed Data: {"data":{"orderId":"642e26846ac1770008b69c0f","outTradeNo":"123456789XXXX","pno":"P6125TFBYZZ","origPno":"P6125TFBXZZ","recentPno":"P6125TFBXZZ","state":"1","stateText":"Picked up","returned":false,"returnedPno":null,"customaryPno":null,"currentProvince":null,"updateAt":"1680747255","routedAction":"RECEIVED","message":"Your parcel has been picked-up by","markerCategory":null,"staffInfoId":null,"staffInfoPhone":null,"routedAt":"1680747251","eSignature":null},"mchId":"CA0740","nonceStr":"1743747775","sign":"43E0C73ADE61781CD0D9434D93911842C3FD8D3317F092012382E88204CFE9AF"}
2025-04-04 14:22:55 - Tacking Number: "P6125TFBYZZ"
2025-04-04 14:22:55 - Status: "Your parcel has been picked-up by"
2025-04-04 14:22:55 - Tracking Number: P6125TFBYZZ | Status: Your parcel has been picked-up by
2025-04-04 14:22:57 - Flash Express Webhook Parsed Data: {"data":{"orderId":"642e26846ac1770008b69c0f","outTradeNo":"123456789XXXX","pno":"P6125TFBYZZ","origPno":"P6125TFBXZZ","recentPno":"P6125TFBXZZ","state":"1","stateText":"Picked up","returned":false,"returnedPno":null,"customaryPno":null,"currentProvince":null,"updateAt":"1680747255","routedAction":"RECEIVED","message":"Your parcel has been picked-up by","markerCategory":null,"staffInfoId":null,"staffInfoPhone":null,"routedAt":"1680747251","eSignature":null},"mchId":"CA0740","nonceStr":"1743747777","sign":"83EA694C1344F5BECC372FC16C35CAE1725506450A047D4B6F9F3836DA036F09"}
2025-04-04 14:22:57 - Tacking Number: "P6125TFBYZZ"
2025-04-04 14:22:57 - Status: "Your parcel has been picked-up by"
2025-04-04 14:22:57 - Tracking Number: P6125TFBYZZ | Status: Your parcel has been picked-up by
2025-04-04 14:22:58 - Flash Express Webhook Parsed Data: {"data":{"orderId":"642e26846ac1770008b69c0f","outTradeNo":"123456789XXXX","pno":"P6125TFBYZZ","origPno":"P6125TFBXZZ","recentPno":"P6125TFBXZZ","state":"1","stateText":"Picked up","returned":false,"returnedPno":null,"customaryPno":null,"currentProvince":null,"updateAt":"1680747255","routedAction":"RECEIVED","message":"Your parcel has been picked-up by","markerCategory":null,"staffInfoId":null,"staffInfoPhone":null,"routedAt":"1680747251","eSignature":null},"mchId":"CA0740","nonceStr":"1743747778","sign":"03C20216F23F5E08A5D0E962A23B8980EB0A6215DC7C95F77EFCF4C526A8F020"}
2025-04-04 14:22:58 - Tacking Number: "P6125TFBYZZ"
2025-04-04 14:22:58 - Status: "Your parcel has been picked-up by"
2025-04-04 14:22:58 - Tracking Number: P6125TFBYZZ | Status: Your parcel has been picked-up by
2025-04-04 14:23:00 - Flash Express Webhook Parsed Data: {"data":{"orderId":"642e26846ac1770008b69c0f","outTradeNo":"123456789XXXX","pno":"P6125TFBYZZ","origPno":"P6125TFBXZZ","recentPno":"P6125TFBXZZ","state":"1","stateText":"Picked up","returned":false,"returnedPno":null,"customaryPno":null,"currentProvince":null,"updateAt":"1680747255","routedAction":"RECEIVED","message":"Your parcel has been picked-up by","markerCategory":null,"staffInfoId":null,"staffInfoPhone":null,"routedAt":"1680747251","eSignature":null},"mchId":"CA0740","nonceStr":"1743747779","sign":"46CD9B45C0CC407FFE063A9C5553071F74136BB4A91AFC6D2468244EF3E7C18A"}
2025-04-04 14:23:00 - Tacking Number: "P6125TFBYZZ"
2025-04-04 14:23:00 - Status: "Your parcel has been picked-up by"
2025-04-04 14:23:00 - Tracking Number: P6125TFBYZZ | Status: Your parcel has been picked-up by
2025-04-04 15:19:29 - Flash Express Webhook Parsed Data: {"data":{"orderId":"642e26846ac1770008b69c0f","outTradeNo":"123456789XXXX","pno":"P6125TFBYZZ","origPno":"P6125TFBXZZ","recentPno":"P6125TFBXZZ","state":"1","stateText":"Picked up","returned":false,"returnedPno":null,"customaryPno":null,"currentProvince":null,"updateAt":"1680747255","routedAction":"RECEIVED","message":"Your parcel has been picked-up by","markerCategory":null,"staffInfoId":null,"staffInfoPhone":null,"routedAt":"1680747251","eSignature":null},"mchId":"CA0740","nonceStr":"1743751169","sign":"C5D99F019DBBFF40F99C941CF832DC3394D678B34D2C63959C69742F0F3A4BBF"}
2025-04-04 15:19:29 - Tacking Number: "P6125TFBYZZ"
2025-04-04 15:19:29 - Status: "Your parcel has been picked-up by"
2025-04-04 15:19:29 - Tracking Number: P6125TFBYZZ | Status: Your parcel has been picked-up by
2025-04-04 15:42:19 - Status: Your parcel has been picked-up by our logistics partner
2025-04-04 15:45:56 - Status: TRANSIT
2025-04-04 15:45:56 - Tracking Number:  | Status: In transit
2025-04-04 15:47:15 - Status: Your parcel has been picked-up by our logistics partner
2025-04-04 15:47:15 - Tracking Number: P6125TU7JAY | Status: Your parcel has been picked-up by our logistics partner
2025-04-04 15:47:30 - Status: TRANSIT
2025-04-04 15:47:30 - Tracking Number: P6125TU7JAY | Status: In transit
2025-04-04 15:50:43 - Tracking Number: P6125TU7JAY | Status: Your parcel has been picked-up by our logistics partner
2025-04-04 15:50:58 - Tracking Number: P6125TU7JAY | Status: In transit
2025-04-04 15:52:49 - Tracking Number: P6125TU7JAY | Status: Your parcel has been picked-up by our logistics partner
2025-04-04 15:52:54 - Tracking Number: P6125TU7JAY | Status: In transit
2025-04-04 16:20:55 - Tracking Number: P6125TU7JAY | Status: Your parcel has been picked-up by our logistics partner
2025-04-04 16:21:07 - Tracking Number: P6125TU7JAY | Status: In transit
2025-04-04 16:26:16 - Tracking Number: P6125TU7JAY | Status: Your parcel has been picked-up by our logistics partner
2025-04-04 16:26:20 - Tracking Number: P6125TU7JAY | Status: In transit
